<?xml version="1.0" encoding="UTF-8"?>
<testsuite name="DieTest" tests="1" skipped="0" failures="0" errors="0" timestamp="2020-03-03T09:40:44" hostname="ngwako-Inspiron-15-3567" time="0.013">
  <properties/>
  <testcase name="handleProbabilitiesSumLessThanOne()" classname="DieTest" time="0.013"/>
  <system-out><![CDATA[]]></system-out>
  <system-err><![CDATA[]]></system-err>
</testsuite>
